<?xml version="1.0" encoding="UTF-8"?>
<testsuite xmlns:xsi="http://www.w3.org/2001/XMLSchema-instance" xsi:noNamespaceSchemaLocation="https://maven.apache.org/surefire/maven-surefire-plugin/xsd/surefire-test-report.xsd" name="org.apache.flink.connector.lance.source.LanceBoundedSourceFunctionTest" time="0.066" tests="6" errors="0" skipped="0" failures="0">
  <properties>
[...]
</properties>
  <testcase name="testConfigValidation" classname="org.apache.flink.connector.lance.source.LanceBoundedSourceFunctionTest" time="0.019"/>
  <testcase name="testSourceCreation" classname="org.apache.flink.connector.lance.source.LanceBoundedSourceFunctionTest" time="0.008"/>
  <testcase name="testRowTypeInfo" classname="org.apache.flink.connector.lance.source.LanceBoundedSourceFunctionTest" time="0"/>
  <testcase name="testReadOptionsOptional" classname="org.apache.flink.connector.lance.source.LanceBoundedSourceFunctionTest" time="0"/>
  <testcase name="testBoundedSourceConfiguration" classname="org.apache.flink.connector.lance.source.LanceBoundedSourceFunctionTest" time="0"/>
  <testcase name="testReadOptions" classname="org.apache.flink.connector.lance.source.LanceBoundedSourceFunctionTest" time="0"/>
</testsuite>