<?xml version="1.0" encoding="UTF-8"?>
<testsuite xmlns:xsi="http://www.w3.org/2001/XMLSchema-instance" xsi:noNamespaceSchemaLocation="https://maven.apache.org/surefire/maven-surefire-plugin/xsd/surefire-test-report.xsd" name="org.apache.flink.connector.lance.common.LanceConfigTest" time="0.049" tests="8" errors="0" skipped="0" failures="0">
  <properties>
[...]
</properties>
  <testcase name="testConfigToString" classname="org.apache.flink.connector.lance.common.LanceConfigTest" time="0.015"/>
  <testcase name="testConfigInvalidNumberFormat" classname="org.apache.flink.connector.lance.common.LanceConfigTest" time="0"/>
  <testcase name="testConfigWithAllOptions" classname="org.apache.flink.connector.lance.common.LanceConfigTest" time="0"/>
  <testcase name="testConfigMissingDatasetUri" classname="org.apache.flink.connector.lance.common.LanceConfigTest" time="0"/>
  <testcase name="testValidateEmptyUri" classname="org.apache.flink.connector.lance.common.LanceConfigTest" time="0"/>
  <testcase name="testConfigWithMinimalOptions" classname="org.apache.flink.connector.lance.common.LanceConfigTest" time="0"/>
  <testcase name="testValidateNegativeFragmentSize" classname="org.apache.flink.connector.lance.common.LanceConfigTest" time="0"/>
  <testcase name="testConfigBuilder" classname="org.apache.flink.connector.lance.common.LanceConfigTest" time="0"/>
</testsuite>