<?xml version="1.0" encoding="UTF-8"?>
<testsuite xmlns:xsi="http://www.w3.org/2001/XMLSchema-instance" xsi:noNamespaceSchemaLocation="https://maven.apache.org/surefire/maven-surefire-plugin/xsd/surefire-test-report.xsd" name="org.apache.flink.connector.lance.optimizer.LanceOptimizationRulesTest" time="0.063" tests="17" errors="0" skipped="0" failures="0">
  <properties>
[...]
</properties>
  <testcase name="testAggregationPushDownFastPath" classname="org.apache.flink.connector.lance.optimizer.LanceOptimizationRulesTest" time="0.007"/>
  <testcase name="testFilterPushDownUnsupported" classname="org.apache.flink.connector.lance.optimizer.LanceOptimizationRulesTest" time="0.001"/>
  <testcase name="testTopNPushDownMultipleColumns" classname="org.apache.flink.connector.lance.optimizer.LanceOptimizationRulesTest" time="0.001"/>
  <testcase name="testFilterPushDownEmptyString" classname="org.apache.flink.connector.lance.optimizer.LanceOptimizationRulesTest" time="0"/>
  <testcase name="testTopNPushDownEdgeCases" classname="org.apache.flink.connector.lance.optimizer.LanceOptimizationRulesTest" time="0"/>
  <testcase name="testQueryOptimizerCombined" classname="org.apache.flink.connector.lance.optimizer.LanceOptimizationRulesTest" time="0.002"/>
  <testcase name="testFilterPushDownIN" classname="org.apache.flink.connector.lance.optimizer.LanceOptimizationRulesTest" time="0"/>
  <testcase name="testTopNPushDownSimple" classname="org.apache.flink.connector.lance.optimizer.LanceOptimizationRulesTest" time="0.001"/>
  <testcase name="testAggregationPushDownNoMetadata" classname="org.apache.flink.connector.lance.optimizer.LanceOptimizationRulesTest" time="0"/>
  <testcase name="testAggregationPushDownCountStarSupported" classname="org.apache.flink.connector.lance.optimizer.LanceOptimizationRulesTest" time="0"/>
  <testcase name="testAggregationPushDownSlowPath" classname="org.apache.flink.connector.lance.optimizer.LanceOptimizationRulesTest" time="0"/>
  <testcase name="testFilterPushDownSimple" classname="org.apache.flink.connector.lance.optimizer.LanceOptimizationRulesTest" time="0"/>
  <testcase name="testFilterPushDownWithOR" classname="org.apache.flink.connector.lance.optimizer.LanceOptimizationRulesTest" time="0.001"/>
  <testcase name="testAggregationPushDownCountWithGroupBy" classname="org.apache.flink.connector.lance.optimizer.LanceOptimizationRulesTest" time="0"/>
  <testcase name="testTopNPushDownLimitValidation" classname="org.apache.flink.connector.lance.optimizer.LanceOptimizationRulesTest" time="0"/>
  <testcase name="testQueryOptimizerNoOptimizations" classname="org.apache.flink.connector.lance.optimizer.LanceOptimizationRulesTest" time="0"/>
  <testcase name="testFilterPushDownComplex" classname="org.apache.flink.connector.lance.optimizer.LanceOptimizationRulesTest" time="0"/>
</testsuite>